<?xml version="1.0" encoding="UTF-8"?>
<!-- Generated by org.testng.reporters.JUnitReportReporter -->
<testsuite hostname="DESKTOP-G62AS6U" failures="0" tests="1" name="guru.springframework.JavaHelloWorldTest" time="0.003" errors="0" timestamp="2022-09-28T10:31:09 BST" skipped="0">
  <testcase classname="guru.springframework.JavaHelloWorldTest" name="testGetHello" time="0.003"/>
  <system-out/>
</testsuite> <!-- guru.springframework.JavaHelloWorldTest -->
